TN:
SF:__tests__\factories\users.js
FNF:0
FNH:0
DA:1,1
DA:2,1
DA:3,1
DA:4,1
DA:5,1
DA:6,1
DA:7,1
DA:8,1
DA:9,1
DA:10,1
DA:11,1
DA:12,1
DA:13,1
LF:13
LH:13
BRF:0
BRH:0
end_of_record
TN:
SF:__tests__\utils\truncate.js
FN:3,Object.<anonymous>.module.exports
FNF:1
FNH:1
FNDA:21,Object.<anonymous>.module.exports
DA:1,1
DA:2,1
DA:3,1
DA:4,21
DA:5,21
DA:6,42
DA:7,42
DA:8,42
DA:9,42
DA:10,42
DA:11,21
DA:12,21
DA:13,1
LF:13
LH:13
BRDA:3,0,0,21
BRDA:5,1,0,42
BRF:2
BRH:2
end_of_record
TN:
SF:src\app.js
FNF:0
FNH:0
DA:1,1
DA:2,1
DA:3,1
DA:4,1
DA:5,1
DA:6,1
DA:7,1
DA:8,1
DA:9,1
DA:10,1
DA:11,1
DA:12,1
DA:13,1
DA:14,1
DA:15,1
DA:16,1
DA:17,1
DA:18,1
DA:19,1
DA:20,1
DA:21,1
DA:22,1
DA:23,1
DA:24,1
DA:25,1
DA:26,1
DA:27,1
DA:28,1
DA:29,1
DA:30,1
DA:31,1
DA:32,1
DA:33,1
DA:34,1
DA:35,1
DA:36,1
DA:37,1
DA:38,1
DA:39,1
DA:40,1
DA:41,1
DA:42,1
DA:43,0
DA:44,0
DA:45,0
DA:46,0
DA:47,0
DA:48,0
DA:49,0
DA:50,1
DA:51,1
DA:52,0
DA:53,0
DA:54,0
DA:55,0
DA:56,0
DA:57,0
DA:58,0
DA:59,1
DA:60,1
DA:61,0
DA:62,0
DA:63,0
DA:64,0
DA:65,0
DA:66,1
DA:67,1
LF:67
LH:48
BRDA:3,0,0,0
BRDA:51,1,0,0
BRF:2
BRH:0
end_of_record
TN:
SF:src\config\config.js
FNF:0
FNH:0
DA:1,1
DA:2,1
DA:3,1
DA:4,1
DA:5,1
DA:6,1
DA:7,1
DA:8,1
DA:9,1
DA:10,1
DA:11,1
DA:12,1
DA:13,1
DA:14,1
DA:15,1
DA:16,1
DA:17,1
DA:18,1
DA:19,1
DA:20,1
DA:21,1
LF:21
LH:21
BRDA:3,0,0,0
BRDA:11,1,0,0
BRF:2
BRH:0
end_of_record
TN:
SF:src\controller\estabelecimento-controller.js
FN:4,Object.<anonymous>.exports.list
FN:28,Object.<anonymous>.exports.add
FN:72,Object.<anonymous>.exports.update
FN:114,Object.<anonymous>.exports.delete
FNF:4
FNH:4
FNDA:2,Object.<anonymous>.exports.list
FNDA:3,Object.<anonymous>.exports.add
FNDA:1,Object.<anonymous>.exports.update
FNDA:2,Object.<anonymous>.exports.delete
DA:1,1
DA:2,1
DA:3,1
DA:4,1
DA:5,2
DA:6,2
DA:7,2
DA:8,0
DA:9,0
DA:10,0
DA:11,0
DA:12,2
DA:13,2
DA:14,2
DA:15,2
DA:16,2
DA:17,2
DA:18,2
DA:19,0
DA:20,0
DA:21,0
DA:22,0
DA:23,0
DA:24,0
DA:25,0
DA:26,2
DA:27,1
DA:28,1
DA:29,3
DA:30,3
DA:31,0
DA:32,0
DA:33,0
DA:34,0
DA:35,0
DA:36,0
DA:37,3
DA:38,3
DA:39,3
DA:40,1
DA:41,1
DA:42,1
DA:43,1
DA:44,1
DA:45,1
DA:46,1
DA:47,1
DA:48,2
DA:49,2
DA:50,3
DA:51,0
DA:52,0
DA:53,0
DA:54,0
DA:55,3
DA:56,2
DA:57,2
DA:58,2
DA:59,2
DA:60,2
DA:61,2
DA:62,3
DA:63,0
DA:64,0
DA:65,0
DA:66,0
DA:67,0
DA:68,0
DA:69,0
DA:70,3
DA:71,1
DA:72,1
DA:73,1
DA:74,1
DA:75,0
DA:76,0
DA:77,0
DA:78,0
DA:79,0
DA:80,0
DA:81,1
DA:82,1
DA:83,1
DA:84,0
DA:85,0
DA:86,0
DA:87,0
DA:88,0
DA:89,0
DA:90,0
DA:91,1
DA:92,1
DA:93,1
DA:94,0
DA:95,0
DA:96,0
DA:97,0
DA:98,1
DA:99,1
DA:100,1
DA:101,1
DA:102,1
DA:103,1
DA:104,1
DA:105,0
DA:106,0
DA:107,0
DA:108,0
DA:109,0
DA:110,0
DA:111,0
DA:112,1
DA:113,1
DA:114,1
DA:115,2
DA:116,2
DA:117,2
DA:118,1
DA:119,1
DA:120,1
DA:121,1
DA:122,1
DA:123,1
DA:124,1
DA:125,1
DA:126,1
DA:127,1
DA:128,2
DA:129,0
DA:130,0
DA:131,0
DA:132,0
DA:133,0
DA:134,0
DA:135,2
LF:135
LH:77
BRDA:4,0,0,2
BRDA:7,1,0,0
BRDA:18,2,0,0
BRDA:28,3,0,3
BRDA:30,4,0,0
BRDA:39,5,0,1
BRDA:48,6,0,2
BRDA:50,7,0,0
BRDA:55,8,0,2
BRDA:62,9,0,0
BRDA:72,10,0,1
BRDA:74,11,0,0
BRDA:83,12,0,0
BRDA:93,13,0,0
BRDA:104,14,0,0
BRDA:114,15,0,2
BRDA:117,16,0,1
BRDA:128,17,0,0
BRF:18
BRH:8
end_of_record
TN:
SF:src\controller\usuario-controller.js
FN:4,Object.<anonymous>.exports.list
FN:28,Object.<anonymous>.exports.add
FN:72,Object.<anonymous>.exports.update
FN:114,Object.<anonymous>.exports.delete
FNF:4
FNH:4
FNDA:1,Object.<anonymous>.exports.list
FNDA:3,Object.<anonymous>.exports.add
FNDA:1,Object.<anonymous>.exports.update
FNDA:2,Object.<anonymous>.exports.delete
DA:1,1
DA:2,1
DA:3,1
DA:4,1
DA:5,1
DA:6,1
DA:7,1
DA:8,0
DA:9,0
DA:10,0
DA:11,0
DA:12,1
DA:13,1
DA:14,1
DA:15,1
DA:16,1
DA:17,1
DA:18,1
DA:19,0
DA:20,0
DA:21,0
DA:22,0
DA:23,0
DA:24,0
DA:25,0
DA:26,1
DA:27,1
DA:28,1
DA:29,3
DA:30,3
DA:31,0
DA:32,0
DA:33,0
DA:34,0
DA:35,0
DA:36,0
DA:37,3
DA:38,3
DA:39,3
DA:40,1
DA:41,1
DA:42,1
DA:43,1
DA:44,1
DA:45,1
DA:46,1
DA:47,1
DA:48,2
DA:49,2
DA:50,3
DA:51,0
DA:52,0
DA:53,0
DA:54,0
DA:55,3
DA:56,2
DA:57,2
DA:58,2
DA:59,2
DA:60,2
DA:61,2
DA:62,3
DA:63,0
DA:64,0
DA:65,0
DA:66,0
DA:67,0
DA:68,0
DA:69,0
DA:70,3
DA:71,1
DA:72,1
DA:73,1
DA:74,1
DA:75,0
DA:76,0
DA:77,0
DA:78,0
DA:79,0
DA:80,0
DA:81,1
DA:82,1
DA:83,1
DA:84,0
DA:85,0
DA:86,0
DA:87,0
DA:88,0
DA:89,0
DA:90,0
DA:91,1
DA:92,1
DA:93,1
DA:94,0
DA:95,0
DA:96,0
DA:97,0
DA:98,1
DA:99,1
DA:100,1
DA:101,1
DA:102,1
DA:103,1
DA:104,1
DA:105,0
DA:106,0
DA:107,0
DA:108,0
DA:109,0
DA:110,0
DA:111,0
DA:112,1
DA:113,1
DA:114,1
DA:115,2
DA:116,2
DA:117,2
DA:118,1
DA:119,1
DA:120,1
DA:121,1
DA:122,1
DA:123,1
DA:124,1
DA:125,1
DA:126,1
DA:127,1
DA:128,2
DA:129,0
DA:130,0
DA:131,0
DA:132,0
DA:133,0
DA:134,0
DA:135,2
LF:135
LH:77
BRDA:4,0,0,1
BRDA:7,1,0,0
BRDA:18,2,0,0
BRDA:28,3,0,3
BRDA:30,4,0,0
BRDA:39,5,0,1
BRDA:48,6,0,2
BRDA:50,7,0,0
BRDA:55,8,0,2
BRDA:62,9,0,0
BRDA:72,10,0,1
BRDA:74,11,0,0
BRDA:83,12,0,0
BRDA:93,13,0,0
BRDA:104,14,0,0
BRDA:114,15,0,2
BRDA:117,16,0,1
BRDA:128,17,0,0
BRF:18
BRH:8
end_of_record
TN:
SF:src\helper\authentication.js
FN:5,Object.<anonymous>.exports.auth
FNF:1
FNH:1
FNDA:3,Object.<anonymous>.exports.auth
DA:1,1
DA:2,1
DA:3,1
DA:4,1
DA:5,1
DA:6,3
DA:7,3
DA:8,3
DA:9,3
DA:10,3
DA:11,0
DA:12,0
DA:13,3
DA:14,3
DA:15,1
DA:16,1
DA:17,2
DA:18,2
DA:19,2
DA:20,2
DA:21,2
DA:22,3
DA:23,0
DA:24,0
DA:25,0
DA:26,0
DA:27,0
DA:28,0
DA:29,3
LF:29
LH:21
BRDA:5,0,0,3
BRDA:10,1,0,0
BRDA:14,2,0,1
BRDA:17,3,0,2
BRDA:22,4,0,0
BRF:5
BRH:3
end_of_record
TN:
SF:src\middleware\authMiddleware .js
FN:4,Object.<anonymous>.module.exports
FNF:1
FNH:1
FNDA:14,Object.<anonymous>.module.exports
DA:1,1
DA:2,1
DA:3,1
DA:4,1
DA:5,14
DA:6,14
DA:7,14
DA:8,1
DA:9,1
DA:10,13
DA:11,13
DA:12,13
DA:13,13
DA:14,14
DA:15,12
DA:16,12
DA:17,12
DA:18,1
DA:19,1
DA:20,14
LF:20
LH:20
BRDA:4,0,0,14
BRDA:7,1,0,1
BRDA:10,2,0,13
BRDA:14,3,0,12
BRDA:17,4,0,1
BRF:5
BRH:5
end_of_record
TN:
SF:src\model\estabelecimento-model.js
FN:2,Object.<anonymous>.module.exports
FNF:1
FNH:1
FNDA:4,Object.<anonymous>.module.exports
DA:1,1
DA:2,1
DA:3,4
DA:4,4
DA:5,4
DA:6,4
DA:7,4
DA:8,4
DA:9,4
DA:10,4
DA:11,4
DA:12,4
DA:13,4
DA:14,4
DA:15,4
DA:16,4
DA:17,4
DA:18,4
DA:19,4
DA:20,4
DA:21,4
DA:22,4
DA:23,4
DA:24,4
DA:25,4
DA:26,4
DA:27,4
DA:28,4
DA:29,4
DA:30,4
DA:31,4
DA:32,4
DA:33,4
DA:34,4
DA:35,4
DA:36,4
DA:37,4
DA:38,4
DA:39,4
DA:40,4
DA:41,4
DA:42,4
DA:43,4
DA:44,4
DA:45,4
DA:46,4
DA:47,4
DA:48,4
DA:49,4
DA:50,4
DA:51,4
DA:52,4
DA:53,4
DA:54,4
DA:55,4
DA:56,4
DA:57,4
LF:57
LH:57
BRDA:2,0,0,4
BRF:1
BRH:1
end_of_record
TN:
SF:src\model\index.js
FNF:0
FNH:0
DA:1,1
DA:2,1
DA:3,1
DA:4,1
DA:5,1
DA:6,1
DA:7,1
DA:8,1
DA:9,1
DA:10,1
DA:11,0
DA:12,1
DA:13,1
DA:14,1
DA:15,1
DA:16,1
DA:17,1
DA:18,1
DA:19,1
DA:20,1
DA:21,1
DA:22,1
DA:23,12
DA:24,12
DA:25,12
DA:26,12
DA:27,1
DA:28,8
DA:29,8
DA:30,8
DA:31,8
DA:32,8
DA:33,8
DA:34,1
DA:35,1
DA:36,8
DA:37,0
DA:38,0
DA:39,8
DA:40,1
DA:41,1
DA:42,1
DA:43,1
DA:44,1
LF:44
LH:41
BRDA:10,0,0,0
BRDA:22,1,0,12
BRDA:24,2,0,8
BRDA:27,3,0,8
BRDA:35,4,0,8
BRDA:36,5,0,0
BRF:6
BRH:4
end_of_record
TN:
SF:src\model\usuario-model.js
FN:5,Object.<anonymous>.module.exports
FN:37,beforeSave
FN:50,Usuario.checkPassword
FN:54,Usuario.generateToken
FNF:4
FNH:4
FNDA:4,Object.<anonymous>.module.exports
FNDA:8,beforeSave
FNDA:3,Usuario.checkPassword
FNDA:3,Usuario.generateToken
DA:1,1
DA:2,1
DA:3,1
DA:4,1
DA:5,1
DA:6,4
DA:7,4
DA:8,4
DA:9,4
DA:10,4
DA:11,4
DA:12,4
DA:13,4
DA:14,4
DA:15,4
DA:16,4
DA:17,4
DA:18,4
DA:19,4
DA:20,4
DA:21,4
DA:22,4
DA:23,4
DA:24,4
DA:25,4
DA:26,4
DA:27,4
DA:28,4
DA:29,4
DA:30,4
DA:31,4
DA:32,4
DA:33,4
DA:34,4
DA:35,4
DA:36,4
DA:37,4
DA:38,8
DA:39,8
DA:40,8
DA:41,8
DA:42,4
DA:43,4
DA:44,4
DA:45,4
DA:46,4
DA:47,4
DA:48,4
DA:49,4
DA:50,4
DA:51,3
DA:52,3
DA:53,4
DA:54,4
DA:55,3
DA:56,3
DA:57,4
DA:58,4
DA:59,4
LF:59
LH:59
BRDA:5,0,0,4
BRDA:37,1,0,8
BRDA:50,2,0,3
BRDA:54,3,0,3
BRF:4
BRH:4
end_of_record
TN:
SF:src\repository\estabelecimento-repository.js
FN:5,Object.<anonymous>.exports.valida
FN:11,Object.<anonymous>.exports.list
FN:15,Object.<anonymous>.exports.create
FN:19,Object.<anonymous>.exports.update
FN:27,Object.<anonymous>.exports.delete
FNF:5
FNH:5
FNDA:4,Object.<anonymous>.exports.valida
FNDA:2,Object.<anonymous>.exports.list
FNDA:2,Object.<anonymous>.exports.create
FNDA:1,Object.<anonymous>.exports.update
FNDA:2,Object.<anonymous>.exports.delete
DA:1,1
DA:2,1
DA:3,1
DA:4,1
DA:5,1
DA:6,4
DA:7,4
DA:8,4
DA:9,4
DA:10,1
DA:11,1
DA:12,2
DA:13,2
DA:14,1
DA:15,1
DA:16,2
DA:17,2
DA:18,1
DA:19,1
DA:20,1
DA:21,1
DA:22,1
DA:23,1
DA:24,1
DA:25,1
DA:26,1
DA:27,1
DA:28,2
DA:29,2
DA:30,2
DA:31,2
DA:32,2
DA:33,2
LF:33
LH:33
BRDA:5,0,0,4
BRDA:7,1,0,1
BRDA:11,2,0,2
BRDA:15,3,0,2
BRDA:19,4,0,1
BRDA:27,5,0,2
BRF:6
BRH:6
end_of_record
TN:
SF:src\repository\usuario-repository.js
FN:5,Object.<anonymous>.exports.valida
FN:11,Object.<anonymous>.exports.list
FN:15,Object.<anonymous>.exports.create
FN:19,Object.<anonymous>.exports.update
FN:27,Object.<anonymous>.exports.delete
FNF:5
FNH:5
FNDA:4,Object.<anonymous>.exports.valida
FNDA:1,Object.<anonymous>.exports.list
FNDA:2,Object.<anonymous>.exports.create
FNDA:1,Object.<anonymous>.exports.update
FNDA:2,Object.<anonymous>.exports.delete
DA:1,1
DA:2,1
DA:3,1
DA:4,1
DA:5,1
DA:6,4
DA:7,4
DA:8,4
DA:9,4
DA:10,1
DA:11,1
DA:12,1
DA:13,1
DA:14,1
DA:15,1
DA:16,2
DA:17,2
DA:18,1
DA:19,1
DA:20,1
DA:21,1
DA:22,1
DA:23,1
DA:24,1
DA:25,1
DA:26,1
DA:27,1
DA:28,2
DA:29,2
DA:30,2
DA:31,2
DA:32,2
DA:33,2
LF:33
LH:33
BRDA:5,0,0,4
BRDA:7,1,0,1
BRDA:11,2,0,1
BRDA:15,3,0,2
BRDA:19,4,0,1
BRDA:27,5,0,2
BRF:6
BRH:6
end_of_record
TN:
SF:src\routes\estabelecimento-route.js
FNF:0
FNH:0
DA:1,1
DA:2,1
DA:3,1
DA:4,1
DA:5,1
DA:6,1
DA:7,1
DA:8,1
DA:9,1
DA:10,1
DA:11,1
LF:11
LH:11
BRF:0
BRH:0
end_of_record
TN:
SF:src\routes\index-route.js
FNF:0
FNH:0
DA:1,1
DA:2,1
DA:3,1
DA:4,1
DA:5,1
DA:6,0
DA:7,0
DA:8,0
DA:9,0
DA:10,0
DA:11,1
DA:12,1
LF:12
LH:7
BRF:0
BRH:0
end_of_record
TN:
SF:src\routes\routes.js
FNF:0
FNH:0
DA:1,1
DA:2,1
DA:3,1
DA:4,1
DA:5,1
DA:6,1
DA:7,1
DA:8,1
DA:9,1
DA:10,1
DA:11,1
DA:12,1
DA:13,1
DA:14,1
DA:15,1
DA:16,1
DA:17,1
DA:18,1
DA:19,1
DA:20,1
DA:21,1
DA:22,1
DA:23,1
DA:24,1
DA:25,1
LF:25
LH:25
BRF:0
BRH:0
end_of_record
TN:
SF:src\routes\usuario-route.js
FNF:0
FNH:0
DA:1,1
DA:2,1
DA:3,1
DA:4,1
DA:5,1
DA:6,1
DA:7,1
DA:8,1
DA:9,1
DA:10,1
LF:10
LH:10
BRF:0
BRH:0
end_of_record
